c:\users\a\desktop\github\risk-of-rain2\tool\mfctool\client\default\x64\debug\client.pch
c:\users\a\desktop\github\risk-of-rain2\tool\mfctool\client\default\x64\debug\vc140.pdb
c:\users\a\desktop\github\risk-of-rain2\tool\mfctool\client\default\x64\debug\vc140.idb
c:\users\a\desktop\github\risk-of-rain2\tool\mfctool\client\default\x64\debug\stdafx.obj
c:\users\a\desktop\github\risk-of-rain2\tool\mfctool\client\default\x64\debug\player_jump.obj
c:\users\a\desktop\github\risk-of-rain2\tool\mfctool\client\default\x64\debug\player_jump_attack.obj
c:\users\a\desktop\github\risk-of-rain2\tool\mfctool\client\default\x64\debug\player_move.obj
c:\users\a\desktop\github\risk-of-rain2\tool\mfctool\client\default\x64\debug\player_moveattack.obj
c:\users\a\desktop\github\risk-of-rain2\tool\mfctool\client\default\x64\debug\player_select_dummy.obj
c:\users\a\desktop\github\risk-of-rain2\tool\mfctool\client\default\x64\debug\pod.obj
c:\users\a\desktop\github\risk-of-rain2\tool\mfctool\client\default\x64\debug\select_button.obj
c:\users\a\desktop\github\risk-of-rain2\tool\mfctool\client\default\x64\debug\select_stage_object.obj
c:\users\a\desktop\github\risk-of-rain2\tool\mfctool\client\default\x64\debug\shotui.obj
c:\users\a\desktop\github\risk-of-rain2\tool\mfctool\client\default\x64\debug\skybox.obj
c:\users\a\desktop\github\risk-of-rain2\tool\mfctool\client\default\x64\debug\sound_manager.obj
c:\users\a\desktop\github\risk-of-rain2\tool\mfctool\client\default\x64\debug\start_button.obj
c:\users\a\desktop\github\risk-of-rain2\tool\mfctool\client\default\x64\debug\static_object.obj
c:\users\a\desktop\github\risk-of-rain2\tool\mfctool\client\default\x64\debug\terrain.obj
c:\users\a\desktop\github\risk-of-rain2\tool\mfctool\client\default\x64\debug\titan.obj
c:\users\a\desktop\github\risk-of-rain2\tool\mfctool\client\default\x64\debug\title.obj
c:\users\a\desktop\github\risk-of-rain2\tool\mfctool\client\default\x64\debug\ui_background.obj
c:\users\a\desktop\github\risk-of-rain2\tool\mfctool\client\default\x64\debug\vagrant.obj
c:\users\a\desktop\github\risk-of-rain2\tool\mfctool\client\default\x64\debug\wisp.obj
c:\users\a\desktop\github\risk-of-rain2\tool\mfctool\client\default\x64\debug\client.obj
c:\users\a\desktop\github\risk-of-rain2\tool\mfctool\client\default\x64\debug\monster_vagrant_area_attack.obj
c:\users\a\desktop\github\risk-of-rain2\tool\mfctool\client\default\x64\debug\monster_vagrant_attack.obj
c:\users\a\desktop\github\risk-of-rain2\tool\mfctool\client\default\x64\debug\monster_vagrant_hurt.obj
c:\users\a\desktop\github\risk-of-rain2\tool\mfctool\client\default\x64\debug\monster_vagrant_idle.obj
c:\users\a\desktop\github\risk-of-rain2\tool\mfctool\client\default\x64\debug\monster_vagrant_spawn.obj
c:\users\a\desktop\github\risk-of-rain2\tool\mfctool\client\default\x64\debug\monster_wisp_attack.obj
c:\users\a\desktop\github\risk-of-rain2\tool\mfctool\client\default\x64\debug\monster_wisp_death.obj
c:\users\a\desktop\github\risk-of-rain2\tool\mfctool\client\default\x64\debug\monster_wisp_idle.obj
c:\users\a\desktop\github\risk-of-rain2\tool\mfctool\client\default\x64\debug\monster_wisp_move.obj
c:\users\a\desktop\github\risk-of-rain2\tool\mfctool\client\default\x64\debug\monster_wisp_spawn.obj
c:\users\a\desktop\github\risk-of-rain2\tool\mfctool\client\default\x64\debug\mouse_cursor.obj
c:\users\a\desktop\github\risk-of-rain2\tool\mfctool\client\default\x64\debug\normalhp_background.obj
c:\users\a\desktop\github\risk-of-rain2\tool\mfctool\client\default\x64\debug\normal_monster_hp.obj
c:\users\a\desktop\github\risk-of-rain2\tool\mfctool\client\default\x64\debug\player.obj
c:\users\a\desktop\github\risk-of-rain2\tool\mfctool\client\default\x64\debug\playerdata.obj
c:\users\a\desktop\github\risk-of-rain2\tool\mfctool\client\default\x64\debug\playerstate.obj
c:\users\a\desktop\github\risk-of-rain2\tool\mfctool\client\default\x64\debug\player_attack.obj
c:\users\a\desktop\github\risk-of-rain2\tool\mfctool\client\default\x64\debug\player_death.obj
c:\users\a\desktop\github\risk-of-rain2\tool\mfctool\client\default\x64\debug\player_hp.obj
c:\users\a\desktop\github\risk-of-rain2\tool\mfctool\client\default\x64\debug\player_idle.obj
c:\users\a\desktop\github\risk-of-rain2\tool\mfctool\client\default\x64\debug\monster_beetle_buff.obj
c:\users\a\desktop\github\risk-of-rain2\tool\mfctool\client\default\x64\debug\monster_beetle_death.obj
c:\users\a\desktop\github\risk-of-rain2\tool\mfctool\client\default\x64\debug\monster_beetle_idle.obj
c:\users\a\desktop\github\risk-of-rain2\tool\mfctool\client\default\x64\debug\monster_beetle_move.obj
c:\users\a\desktop\github\risk-of-rain2\tool\mfctool\client\default\x64\debug\monster_beetle_spawn.obj
c:\users\a\desktop\github\risk-of-rain2\tool\mfctool\client\default\x64\debug\monster_data.obj
c:\users\a\desktop\github\risk-of-rain2\tool\mfctool\client\default\x64\debug\monster_golem_attack.obj
c:\users\a\desktop\github\risk-of-rain2\tool\mfctool\client\default\x64\debug\monster_golem_death.obj
c:\users\a\desktop\github\risk-of-rain2\tool\mfctool\client\default\x64\debug\monster_golem_flinch.obj
c:\users\a\desktop\github\risk-of-rain2\tool\mfctool\client\default\x64\debug\monster_golem_idle.obj
c:\users\a\desktop\github\risk-of-rain2\tool\mfctool\client\default\x64\debug\monster_golem_laser_attack.obj
c:\users\a\desktop\github\risk-of-rain2\tool\mfctool\client\default\x64\debug\monster_golem_move.obj
c:\users\a\desktop\github\risk-of-rain2\tool\mfctool\client\default\x64\debug\monster_golem_spawn.obj
c:\users\a\desktop\github\risk-of-rain2\tool\mfctool\client\default\x64\debug\monster_titan_attack.obj
c:\users\a\desktop\github\risk-of-rain2\tool\mfctool\client\default\x64\debug\monster_titan_death.obj
c:\users\a\desktop\github\risk-of-rain2\tool\mfctool\client\default\x64\debug\monster_titan_flinch.obj
c:\users\a\desktop\github\risk-of-rain2\tool\mfctool\client\default\x64\debug\monster_titan_idle.obj
c:\users\a\desktop\github\risk-of-rain2\tool\mfctool\client\default\x64\debug\monster_titan_laser_attack.obj
c:\users\a\desktop\github\risk-of-rain2\tool\mfctool\client\default\x64\debug\monster_titan_move.obj
c:\users\a\desktop\github\risk-of-rain2\tool\mfctool\client\default\x64\debug\monster_titan_spawn.obj
c:\users\a\desktop\github\risk-of-rain2\tool\mfctool\client\default\x64\debug\background.obj
c:\users\a\desktop\github\risk-of-rain2\tool\mfctool\client\default\x64\debug\beetle.obj
c:\users\a\desktop\github\risk-of-rain2\tool\mfctool\client\default\x64\debug\bosshp_background.obj
c:\users\a\desktop\github\risk-of-rain2\tool\mfctool\client\default\x64\debug\boss_hp.obj
c:\users\a\desktop\github\risk-of-rain2\tool\mfctool\client\default\x64\debug\bullet.obj
c:\users\a\desktop\github\risk-of-rain2\tool\mfctool\client\default\x64\debug\camera_free.obj
c:\users\a\desktop\github\risk-of-rain2\tool\mfctool\client\default\x64\debug\character_camera.obj
c:\users\a\desktop\github\risk-of-rain2\tool\mfctool\client\default\x64\debug\exit_button.obj
c:\users\a\desktop\github\risk-of-rain2\tool\mfctool\client\default\x64\debug\golem.obj
c:\users\a\desktop\github\risk-of-rain2\tool\mfctool\client\default\x64\debug\gun_left.obj
c:\users\a\desktop\github\risk-of-rain2\tool\mfctool\client\default\x64\debug\gun_right.obj
c:\users\a\desktop\github\risk-of-rain2\tool\mfctool\client\default\x64\debug\level_loading.obj
c:\users\a\desktop\github\risk-of-rain2\tool\mfctool\client\default\x64\debug\level_logo.obj
c:\users\a\desktop\github\risk-of-rain2\tool\mfctool\client\default\x64\debug\level_select.obj
c:\users\a\desktop\github\risk-of-rain2\tool\mfctool\client\default\x64\debug\loader.obj
c:\users\a\desktop\github\risk-of-rain2\tool\mfctool\client\default\x64\debug\loadingbar.obj
c:\users\a\desktop\github\risk-of-rain2\tool\mfctool\client\default\x64\debug\mainapp.obj
c:\users\a\desktop\github\risk-of-rain2\tool\mfctool\client\default\x64\debug\monster.obj
c:\users\a\desktop\github\risk-of-rain2\tool\mfctool\client\default\x64\debug\monsterstate.obj
c:\users\a\desktop\github\risk-of-rain2\tool\mfctool\client\default\x64\debug\monster_beetle_attack.obj
c:\users\a\desktop\github\risk-of-rain2\tool\mfctool\client\default\x64\debug\level_gameplay_stage0.obj
c:\users\a\desktop\github\risk-of-rain2\tool\mfctool\client\default\x64\debug\logo_terrain.obj
c:\users\a\desktop\github\risk-of-rain2\tool\mfctool\client\default\x64\debug\canvas.obj
c:\users\a\desktop\github\risk-of-rain2\tool\mfctool\client\bin\shader_cube.cso
c:\users\a\desktop\github\risk-of-rain2\tool\mfctool\client\bin\shader_mesh.cso
c:\users\a\desktop\github\risk-of-rain2\tool\mfctool\client\bin\shader_point_effect.cso
c:\users\a\desktop\github\risk-of-rain2\tool\mfctool\client\bin\shader_rect.cso
c:\users\a\desktop\github\risk-of-rain2\tool\mfctool\client\bin\shader_skybox.cso
c:\users\a\desktop\github\risk-of-rain2\tool\mfctool\client\bin\shader_terrain.cso
c:\users\a\desktop\github\risk-of-rain2\tool\mfctool\client\bin\shader_ui_3d.cso
c:\users\a\desktop\github\risk-of-rain2\tool\mfctool\client\default\x64\debug\client.res
c:\users\a\desktop\github\risk-of-rain2\tool\mfctool\client\default\x64\debug\canvas.obj.enc
c:\users\a\desktop\github\risk-of-rain2\tool\mfctool\client\default\x64\debug\loader.obj.enc
c:\users\a\desktop\github\risk-of-rain2\tool\mfctool\client\default\x64\debug\sound_manager.obj.enc
c:\users\a\desktop\github\risk-of-rain2\tool\mfctool\client\default\x64\debug\client.tlog\cl.command.1.tlog
c:\users\a\desktop\github\risk-of-rain2\tool\mfctool\client\default\x64\debug\client.tlog\cl.read.1.tlog
c:\users\a\desktop\github\risk-of-rain2\tool\mfctool\client\default\x64\debug\client.tlog\cl.write.1.tlog
c:\users\a\desktop\github\risk-of-rain2\tool\mfctool\client\default\x64\debug\client.tlog\client.write.1u.tlog
c:\users\a\desktop\github\risk-of-rain2\tool\mfctool\client\default\x64\debug\client.tlog\fxc.command.1.tlog
c:\users\a\desktop\github\risk-of-rain2\tool\mfctool\client\default\x64\debug\client.tlog\fxc.read.1.tlog
c:\users\a\desktop\github\risk-of-rain2\tool\mfctool\client\default\x64\debug\client.tlog\fxc.write.1.tlog
c:\users\a\desktop\github\risk-of-rain2\tool\mfctool\client\default\x64\debug\client.tlog\link.command.1.tlog
c:\users\a\desktop\github\risk-of-rain2\tool\mfctool\client\default\x64\debug\client.tlog\link.read.1.tlog
c:\users\a\desktop\github\risk-of-rain2\tool\mfctool\client\default\x64\debug\client.tlog\link.write.1.tlog
c:\users\a\desktop\github\risk-of-rain2\tool\mfctool\client\default\x64\debug\client.tlog\rc.command.1.tlog
c:\users\a\desktop\github\risk-of-rain2\tool\mfctool\client\default\x64\debug\client.tlog\rc.read.1.tlog
c:\users\a\desktop\github\risk-of-rain2\tool\mfctool\client\default\x64\debug\client.tlog\rc.write.1.tlog
