c:\git_clone\ror_2\dx9-3d-game-portfolio\tool\mfctool\mfctool\defalut\x64\debug\mfctool.pch
c:\git_clone\ror_2\dx9-3d-game-portfolio\tool\mfctool\mfctool\defalut\x64\debug\vc140.pdb
c:\git_clone\ror_2\dx9-3d-game-portfolio\tool\mfctool\mfctool\defalut\x64\debug\vc140.idb
c:\git_clone\ror_2\dx9-3d-game-portfolio\tool\mfctool\mfctool\defalut\x64\debug\stdafx.obj
c:\git_clone\ror_2\dx9-3d-game-portfolio\tool\mfctool\mfctool\defalut\x64\debug\diglog2.obj
c:\git_clone\ror_2\dx9-3d-game-portfolio\tool\mfctool\mfctool\defalut\x64\debug\digtab0.obj
c:\git_clone\ror_2\dx9-3d-game-portfolio\tool\mfctool\mfctool\defalut\x64\debug\dynamic_mesh_list.obj
c:\git_clone\ror_2\dx9-3d-game-portfolio\tool\mfctool\mfctool\defalut\x64\debug\effect_mesh_list.obj
c:\git_clone\ror_2\dx9-3d-game-portfolio\tool\mfctool\mfctool\defalut\x64\debug\effect_mesh_texture_list.obj
c:\git_clone\ror_2\dx9-3d-game-portfolio\tool\mfctool\mfctool\defalut\x64\debug\free_camera.obj
c:\git_clone\ror_2\dx9-3d-game-portfolio\tool\mfctool\mfctool\defalut\x64\debug\meshlist.obj
c:\git_clone\ror_2\dx9-3d-game-portfolio\tool\mfctool\mfctool\defalut\x64\debug\mesh_manager.obj
c:\git_clone\ror_2\dx9-3d-game-portfolio\tool\mfctool\mfctool\defalut\x64\debug\mfc_terrain.obj
c:\git_clone\ror_2\dx9-3d-game-portfolio\tool\mfctool\mfctool\defalut\x64\debug\saveloadinfo.obj
c:\git_clone\ror_2\dx9-3d-game-portfolio\tool\mfctool\mfctool\defalut\x64\debug\static_mesh_list.obj
c:\git_clone\ror_2\dx9-3d-game-portfolio\tool\mfctool\mfctool\defalut\x64\debug\static_prob_object.obj
c:\git_clone\ror_2\dx9-3d-game-portfolio\tool\mfctool\mfctool\defalut\x64\debug\uicreate_manager.obj
c:\git_clone\ror_2\dx9-3d-game-portfolio\tool\mfctool\mfctool\defalut\x64\debug\ui_dummy.obj
c:\git_clone\ror_2\dx9-3d-game-portfolio\tool\mfctool\mfctool\defalut\x64\debug\mainfrm.obj
c:\git_clone\ror_2\dx9-3d-game-portfolio\tool\mfctool\mfctool\defalut\x64\debug\mfctool.obj
c:\git_clone\ror_2\dx9-3d-game-portfolio\tool\mfctool\mfctool\defalut\x64\debug\mfctooldoc.obj
c:\git_clone\ror_2\dx9-3d-game-portfolio\tool\mfctool\mfctool\defalut\x64\debug\mfctoolview.obj
c:\git_clone\ror_2\dx9-3d-game-portfolio\tool\mfctool\mfctool\defalut\x64\debug\particle_manager.obj
c:\git_clone\ror_2\dx9-3d-game-portfolio\tool\mfctool\mfctool\defalut\x64\debug\uitablog.obj
c:\git_clone\ror_2\dx9-3d-game-portfolio\tool\mfctool\mfctool\defalut\x64\debug\brush_manager.obj
c:\git_clone\ror_2\dx9-3d-game-portfolio\tool\mfctool\mfctool\defalut\x64\debug\cellpoint.obj
c:\git_clone\ror_2\dx9-3d-game-portfolio\tool\mfctool\mfctool\defalut\x64\debug\cellpoint_manager.obj
c:\git_clone\ror_2\dx9-3d-game-portfolio\tool\mfctool\mfctool\defalut\x64\debug\controlformview.obj
c:\git_clone\ror_2\dx9-3d-game-portfolio\tool\mfctool\mfctool\defalut\x64\debug\cursorpoint.obj
c:\git_clone\ror_2\dx9-3d-game-portfolio\tool\mfctool\mfctool\defalut\x64\debug\diglog1.obj
c:\git_clone\ror_2\dx9-3d-game-portfolio\tool\mfctool\mfctool\defalut\x64\debug\pivot.obj
c:\git_clone\ror_2\dx9-3d-game-portfolio\tool\mfctool\mfctool\defalut\x64\debug\pivotpoint.obj
c:\git_clone\ror_2\dx9-3d-game-portfolio\tool\mfctool\mfctool\bin\shader_point.cso
c:\git_clone\ror_2\dx9-3d-game-portfolio\tool\mfctool\mfctool\bin\shader_terrain_mfc.cso
c:\git_clone\ror_2\dx9-3d-game-portfolio\tool\mfctool\mfctool\bin\mfctool.ilk
c:\git_clone\ror_2\dx9-3d-game-portfolio\tool\mfctool\mfctool\bin\mfctool.exe
c:\git_clone\ror_2\dx9-3d-game-portfolio\tool\mfctool\mfctool\bin\mfctool.pdb
c:\git_clone\ror_2\dx9-3d-game-portfolio\tool\mfctool\mfctool\defalut\x64\debug\mfctool.res
c:\git_clone\ror_2\dx9-3d-game-portfolio\tool\mfctool\mfctool\defalut\..\bin\mfctool.exe
c:\git_clone\ror_2\dx9-3d-game-portfolio\tool\mfctool\mfctool\defalut\x64\debug\mfctool.tlog\cl.command.1.tlog
c:\git_clone\ror_2\dx9-3d-game-portfolio\tool\mfctool\mfctool\defalut\x64\debug\mfctool.tlog\cl.read.1.tlog
c:\git_clone\ror_2\dx9-3d-game-portfolio\tool\mfctool\mfctool\defalut\x64\debug\mfctool.tlog\cl.write.1.tlog
c:\git_clone\ror_2\dx9-3d-game-portfolio\tool\mfctool\mfctool\defalut\x64\debug\mfctool.tlog\fxc.command.1.tlog
c:\git_clone\ror_2\dx9-3d-game-portfolio\tool\mfctool\mfctool\defalut\x64\debug\mfctool.tlog\fxc.read.1.tlog
c:\git_clone\ror_2\dx9-3d-game-portfolio\tool\mfctool\mfctool\defalut\x64\debug\mfctool.tlog\fxc.write.1.tlog
c:\git_clone\ror_2\dx9-3d-game-portfolio\tool\mfctool\mfctool\defalut\x64\debug\mfctool.tlog\link.command.1.tlog
c:\git_clone\ror_2\dx9-3d-game-portfolio\tool\mfctool\mfctool\defalut\x64\debug\mfctool.tlog\link.read.1.tlog
c:\git_clone\ror_2\dx9-3d-game-portfolio\tool\mfctool\mfctool\defalut\x64\debug\mfctool.tlog\link.write.1.tlog
c:\git_clone\ror_2\dx9-3d-game-portfolio\tool\mfctool\mfctool\defalut\x64\debug\mfctool.tlog\mfctool.write.1u.tlog
c:\git_clone\ror_2\dx9-3d-game-portfolio\tool\mfctool\mfctool\defalut\x64\debug\mfctool.tlog\rc.command.1.tlog
c:\git_clone\ror_2\dx9-3d-game-portfolio\tool\mfctool\mfctool\defalut\x64\debug\mfctool.tlog\rc.read.1.tlog
c:\git_clone\ror_2\dx9-3d-game-portfolio\tool\mfctool\mfctool\defalut\x64\debug\mfctool.tlog\rc.write.1.tlog
