FXC : warning X4717: Effects deprecated for D3DCompiler_47
  
  compilation object save succeeded; see C:\Users\a\Desktop\GitHub\Risk-of-Rain2\Tool\MFCTool\MFCTool\bin\Shader_Point.cso
C:\Users\a\Desktop\GitHub\Risk-of-Rain2\Tool\MFCTool\MFCTool\bin\ShaderFiles\Shader_Terrain_MFC.hlsl(3,24-31): warning X3081: comma expression used where a vector constructor may have been intended
C:\Users\a\Desktop\GitHub\Risk-of-Rain2\Tool\MFCTool\MFCTool\bin\ShaderFiles\Shader_Terrain_MFC.hlsl(3,24-36): warning X3081: comma expression used where a vector constructor may have been intended
C:\Users\a\Desktop\GitHub\Risk-of-Rain2\Tool\MFCTool\MFCTool\bin\ShaderFiles\Shader_Terrain_MFC.hlsl(3,24-41): warning X3081: comma expression used where a vector constructor may have been intended
FXC : warning X4717: Effects deprecated for D3DCompiler_47
  
  compilation object save succeeded; see C:\Users\a\Desktop\GitHub\Risk-of-Rain2\Tool\MFCTool\MFCTool\bin\Shader_Terrain_MFC.cso
  건너뛰고 있습니다... (관련된 변경 내용 없음)
  stdafx.cpp
cl : 명령줄 warning D9030: '/Gm'이(가) 다중 처리와 호환되지 않습니다. /MP 스위치를 무시합니다.
  Particle_Manager.cpp
  Brush_Manager.cpp
  코드를 생성하고 있습니다...
  건너뛰고 있습니다... (관련된 변경 내용 없음)
  UITabLog.cpp
  UI_Dummy.cpp
  UICreate_Manager.cpp
  건너뛰고 있습니다... (관련된 변경 내용 없음)
  PivotPoint.cpp
Brush_Manager.obj : error LNK2019: "private: virtual __cdecl MFC_TOOL::CBrush_Manager::~CBrush_Manager(void)" (??1CBrush_Manager@MFC_TOOL@@EEAA@XZ) 외부 기호(참조 위치: "private: virtual void * __cdecl MFC_TOOL::CBrush_Manager::`scalar deleting destructor'(unsigned int)" (??_GCBrush_Manager@MFC_TOOL@@EEAAPEAXI@Z) 함수)에서 확인하지 못했습니다.
Particle_Manager.obj : error LNK2001: "public: virtual void __cdecl MFC_TOOL::CParticle_Manager::Free(void)" (?Free@CParticle_Manager@MFC_TOOL@@UEAAXXZ) 외부 기호를 확인할 수 없습니다.
..\bin\MFCTool.exe : fatal error LNK1120: 2개의 확인할 수 없는 외부 참조입니다.
