cl : 명령줄 warning D9030: '/Gm'이(가) 다중 처리와 호환되지 않습니다. /MP 스위치를 무시합니다.
  VIBuffer_Point.cpp
  Renderer.cpp
c:\users\a\desktop\github\risk-of-rain2\tool\mfctool\engine\public\light_manager.h(15): warning C4267: 'return': 'size_t'에서 'Engine::_uint'(으)로 변환하면서 데이터가 손실될 수 있습니다.
c:\users\a\desktop\github\risk-of-rain2\tool\mfctool\engine\private\renderer.cpp(80): warning C4244: '인수': 'DWORD'에서 'Engine::_float'(으)로 변환하면서 데이터가 손실될 수 있습니다.
c:\users\a\desktop\github\risk-of-rain2\tool\mfctool\engine\private\renderer.cpp(146): error C2065: 'm_RenderEffects': 선언되지 않은 식별자입니다.
c:\users\a\desktop\github\risk-of-rain2\tool\mfctool\engine\private\renderer.cpp(146): error C2228: '.push_back' 왼쪽에는 클래스/구조체/공용 구조체가 있어야 합니다.
  c:\users\a\desktop\github\risk-of-rain2\tool\mfctool\engine\private\renderer.cpp(146): note: 'unknown-type' 형식입니다.
  Particle_System.cpp
  ParticleSystem_Manager.cpp
c:\users\a\desktop\github\risk-of-rain2\tool\mfctool\engine\private\particlesystem_manager.cpp(13): error C2084: 'Engine::CParticleSystem_Manager::~CParticleSystem_Manager(void)' 함수에 이미 본문이 있습니다.
  c:\users\a\desktop\github\risk-of-rain2\tool\mfctool\engine\public\particlesystem_manager.h(13): note: '{dtor}'의 이전 정의를 참조하십시오.
  Attribute.cpp
  코드를 생성하고 있습니다...
  컴파일하고 있습니다...
  VIBuffer_Terrain.cpp
c:\users\a\desktop\github\risk-of-rain2\tool\mfctool\engine\private\vibuffer_terrain.cpp(112): warning C4018: '<': signed 또는 unsigned가 일치하지 않습니다.
c:\users\a\desktop\github\risk-of-rain2\tool\mfctool\engine\private\vibuffer_terrain.cpp(114): warning C4018: '<': signed 또는 unsigned가 일치하지 않습니다.
c:\users\a\desktop\github\risk-of-rain2\tool\mfctool\engine\private\vibuffer_terrain.cpp(197): warning C4244: '인수': 'Engine::_ulong'에서 'FLOAT'(으)로 변환하면서 데이터가 손실될 수 있습니다.
c:\users\a\desktop\github\risk-of-rain2\tool\mfctool\engine\private\vibuffer_terrain.cpp(209): warning C4018: '<': signed 또는 unsigned가 일치하지 않습니다.
c:\users\a\desktop\github\risk-of-rain2\tool\mfctool\engine\private\vibuffer_terrain.cpp(211): warning C4018: '<': signed 또는 unsigned가 일치하지 않습니다.
c:\users\a\desktop\github\risk-of-rain2\tool\mfctool\engine\private\vibuffer_terrain.cpp(278): warning C4244: '=': 'Engine::_float'에서 'LONG'(으)로 변환하면서 데이터가 손실될 수 있습니다.
c:\users\a\desktop\github\risk-of-rain2\tool\mfctool\engine\private\vibuffer_terrain.cpp(279): warning C4244: '=': 'Engine::_float'에서 'LONG'(으)로 변환하면서 데이터가 손실될 수 있습니다.
c:\users\a\desktop\github\risk-of-rain2\tool\mfctool\engine\private\vibuffer_terrain.cpp(280): warning C4244: '=': 'Engine::_float'에서 'LONG'(으)로 변환하면서 데이터가 손실될 수 있습니다.
c:\users\a\desktop\github\risk-of-rain2\tool\mfctool\engine\private\vibuffer_terrain.cpp(281): warning C4244: '=': 'Engine::_float'에서 'LONG'(으)로 변환하면서 데이터가 손실될 수 있습니다.
c:\users\a\desktop\github\risk-of-rain2\tool\mfctool\engine\private\vibuffer_terrain.cpp(300): warning C4244: '=': 'Engine::_float'에서 'LONG'(으)로 변환하면서 데이터가 손실될 수 있습니다.
c:\users\a\desktop\github\risk-of-rain2\tool\mfctool\engine\private\vibuffer_terrain.cpp(301): warning C4244: '=': 'Engine::_float'에서 'LONG'(으)로 변환하면서 데이터가 손실될 수 있습니다.
c:\users\a\desktop\github\risk-of-rain2\tool\mfctool\engine\private\vibuffer_terrain.cpp(302): warning C4244: '=': 'Engine::_float'에서 'LONG'(으)로 변환하면서 데이터가 손실될 수 있습니다.
c:\users\a\desktop\github\risk-of-rain2\tool\mfctool\engine\private\vibuffer_terrain.cpp(303): warning C4244: '=': 'Engine::_float'에서 'LONG'(으)로 변환하면서 데이터가 손실될 수 있습니다.
c:\users\a\desktop\github\risk-of-rain2\tool\mfctool\engine\private\vibuffer_terrain.cpp(329): warning C4244: '=': 'Engine::_float'에서 'LONG'(으)로 변환하면서 데이터가 손실될 수 있습니다.
c:\users\a\desktop\github\risk-of-rain2\tool\mfctool\engine\private\vibuffer_terrain.cpp(337): warning C4244: '=': 'Engine::_float'에서 'LONG'(으)로 변환하면서 데이터가 손실될 수 있습니다.
c:\users\a\desktop\github\risk-of-rain2\tool\mfctool\engine\private\vibuffer_terrain.cpp(347): warning C4018: '<': signed 또는 unsigned가 일치하지 않습니다.
c:\users\a\desktop\github\risk-of-rain2\tool\mfctool\engine\private\vibuffer_terrain.cpp(349): warning C4018: '<': signed 또는 unsigned가 일치하지 않습니다.
c:\users\a\desktop\github\risk-of-rain2\tool\mfctool\engine\private\vibuffer_terrain.cpp(390): warning C4244: '=': 'Engine::_float'에서 'LONG'(으)로 변환하면서 데이터가 손실될 수 있습니다.
c:\users\a\desktop\github\risk-of-rain2\tool\mfctool\engine\private\vibuffer_terrain.cpp(398): warning C4244: '=': 'Engine::_float'에서 'LONG'(으)로 변환하면서 데이터가 손실될 수 있습니다.
c:\users\a\desktop\github\risk-of-rain2\tool\mfctool\engine\private\vibuffer_terrain.cpp(409): warning C4018: '<': signed 또는 unsigned가 일치하지 않습니다.
c:\users\a\desktop\github\risk-of-rain2\tool\mfctool\engine\private\vibuffer_terrain.cpp(411): warning C4018: '<': signed 또는 unsigned가 일치하지 않습니다.
c:\users\a\desktop\github\risk-of-rain2\tool\mfctool\engine\private\vibuffer_terrain.cpp(462): warning C4244: '=': 'Engine::_float'에서 'LONG'(으)로 변환하면서 데이터가 손실될 수 있습니다.
c:\users\a\desktop\github\risk-of-rain2\tool\mfctool\engine\private\vibuffer_terrain.cpp(470): warning C4244: '=': 'Engine::_float'에서 'LONG'(으)로 변환하면서 데이터가 손실될 수 있습니다.
c:\users\a\desktop\github\risk-of-rain2\tool\mfctool\engine\private\vibuffer_terrain.cpp(484): warning C4018: '<': signed 또는 unsigned가 일치하지 않습니다.
c:\users\a\desktop\github\risk-of-rain2\tool\mfctool\engine\private\vibuffer_terrain.cpp(486): warning C4018: '<': signed 또는 unsigned가 일치하지 않습니다.
c:\users\a\desktop\github\risk-of-rain2\tool\mfctool\engine\private\vibuffer_terrain.cpp(498): warning C4018: '<': signed 또는 unsigned가 일치하지 않습니다.
c:\users\a\desktop\github\risk-of-rain2\tool\mfctool\engine\private\vibuffer_terrain.cpp(500): warning C4018: '<': signed 또는 unsigned가 일치하지 않습니다.
c:\users\a\desktop\github\risk-of-rain2\tool\mfctool\engine\private\vibuffer_terrain.cpp(558): warning C4244: '=': 'Engine::_float'에서 'LONG'(으)로 변환하면서 데이터가 손실될 수 있습니다.
c:\users\a\desktop\github\risk-of-rain2\tool\mfctool\engine\private\vibuffer_terrain.cpp(566): warning C4244: '=': 'Engine::_float'에서 'LONG'(으)로 변환하면서 데이터가 손실될 수 있습니다.
c:\users\a\desktop\github\risk-of-rain2\tool\mfctool\engine\private\vibuffer_terrain.cpp(579): warning C4018: '<': signed 또는 unsigned가 일치하지 않습니다.
c:\users\a\desktop\github\risk-of-rain2\tool\mfctool\engine\private\vibuffer_terrain.cpp(581): warning C4018: '<': signed 또는 unsigned가 일치하지 않습니다.
c:\users\a\desktop\github\risk-of-rain2\tool\mfctool\engine\private\vibuffer_terrain.cpp(593): warning C4018: '<': signed 또는 unsigned가 일치하지 않습니다.
c:\users\a\desktop\github\risk-of-rain2\tool\mfctool\engine\private\vibuffer_terrain.cpp(595): warning C4018: '<': signed 또는 unsigned가 일치하지 않습니다.
c:\users\a\desktop\github\risk-of-rain2\tool\mfctool\engine\private\vibuffer_terrain.cpp(599): warning C4244: '=': 'Engine::_double'에서 'float'(으)로 변환하면서 데이터가 손실될 수 있습니다.
c:\users\a\desktop\github\risk-of-rain2\tool\mfctool\engine\private\vibuffer_terrain.cpp(603): warning C4244: '=': 'Engine::_double'에서 'float'(으)로 변환하면서 데이터가 손실될 수 있습니다.
c:\users\a\desktop\github\risk-of-rain2\tool\mfctool\engine\private\vibuffer_terrain.cpp(634): warning C4018: '<': signed 또는 unsigned가 일치하지 않습니다.
c:\users\a\desktop\github\risk-of-rain2\tool\mfctool\engine\private\vibuffer_terrain.cpp(636): warning C4018: '<': signed 또는 unsigned가 일치하지 않습니다.
c:\users\a\desktop\github\risk-of-rain2\tool\mfctool\engine\private\vibuffer_terrain.cpp(714): warning C4244: '인수': 'Engine::_ulong'에서 'FLOAT'(으)로 변환하면서 데이터가 손실될 수 있습니다.
  VIBuffer_Rect_Viewport.cpp
  VIBuffer_Rect.cpp
  VIBuffer_Cube.cpp
  VIBuffer.cpp
  UI.cpp
c:\users\a\desktop\github\risk-of-rain2\tool\mfctool\engine\public\texture.h(16): warning C4267: 'return': 'size_t'에서 'Engine::_uint'(으)로 변환하면서 데이터가 손실될 수 있습니다.
  Transform.cpp
  Time_Manager.cpp
  Timer.cpp
  Texture.cpp
c:\users\a\desktop\github\risk-of-rain2\tool\mfctool\engine\public\texture.h(16): warning C4267: 'return': 'size_t'에서 'Engine::_uint'(으)로 변환하면서 데이터가 손실될 수 있습니다.
  Target_Manager.cpp
  Target.cpp
  Status.cpp
  Static_Mesh.cpp
c:\users\a\desktop\github\risk-of-rain2\tool\mfctool\engine\private\static_mesh.cpp(46): warning C4267: '인수': 'size_t'에서 'int'(으)로 변환하면서 데이터가 손실될 수 있습니다.
  State.cpp
  Single_ITem.cpp
  Shader.cpp
c:\users\a\desktop\github\risk-of-rain2\tool\mfctool\engine\public\texture.h(16): warning C4267: 'return': 'size_t'에서 'Engine::_uint'(으)로 변환하면서 데이터가 손실될 수 있습니다.
  QuadTree.cpp
  PipeLine.cpp
  Picking.cpp
c:\users\a\desktop\github\risk-of-rain2\tool\mfctool\engine\private\picking.cpp(118): warning C4805: '==': 연산에 'bool' 형식과 'BOOL' 형식을 함께 사용하는 것은 안전하지 않습니다.
c:\users\a\desktop\github\risk-of-rain2\tool\mfctool\engine\private\picking.cpp(165): warning C4805: '==': 연산에 'bool' 형식과 'HRESULT' 형식을 함께 사용하는 것은 안전하지 않습니다.
c:\users\a\desktop\github\risk-of-rain2\tool\mfctool\engine\private\picking.cpp(212): warning C4805: '==': 연산에 'bool' 형식과 'BOOL' 형식을 함께 사용하는 것은 안전하지 않습니다.
c:\users\a\desktop\github\risk-of-rain2\tool\mfctool\engine\private\picking.cpp(259): warning C4805: '==': 연산에 'bool' 형식과 'BOOL' 형식을 함께 사용하는 것은 안전하지 않습니다.
c:\users\a\desktop\github\risk-of-rain2\tool\mfctool\engine\private\picking.cpp(305): warning C4805: '==': 연산에 'bool' 형식과 'HRESULT' 형식을 함께 사용하는 것은 안전하지 않습니다.
  코드를 생성하고 있습니다...
  컴파일하고 있습니다...
  Navigation.cpp
c:\users\a\desktop\github\risk-of-rain2\tool\mfctool\engine\private\navigation.cpp(44): warning C4267: '인수': 'size_t'에서 'Engine::_uint'(으)로 변환하면서 데이터가 손실될 수 있습니다.
  Multy_ITem.cpp
  Mesh.cpp
  Light_Manager.cpp
c:\users\a\desktop\github\risk-of-rain2\tool\mfctool\engine\public\light_manager.h(15): warning C4267: 'return': 'size_t'에서 'Engine::_uint'(으)로 변환하면서 데이터가 손실될 수 있습니다.
  Light.cpp
c:\users\a\desktop\github\risk-of-rain2\tool\mfctool\engine\private\light.cpp(20): warning C4244: '인수': 'DWORD'에서 'Engine::_float'(으)로 변환하면서 데이터가 손실될 수 있습니다.
  Level_Manager.cpp
  Level.cpp
  Layer.cpp
c:\users\a\desktop\github\risk-of-rain2\tool\mfctool\engine\public\layer.h(13): warning C4267: 'return': 'size_t'에서 'Engine::_uint'(으)로 변환하면서 데이터가 손실될 수 있습니다.
  Key_Manager.cpp
  Inventory.cpp
  Input_Device.cpp
  HierarchyLoader.cpp
c:\users\a\desktop\github\risk-of-rain2\tool\mfctool\engine\private\hierarchyloader.cpp(18): warning C4267: '초기화 중': 'size_t'에서 'Engine::_uint'(으)로 변환하면서 데이터가 손실될 수 있습니다.
c:\users\a\desktop\github\risk-of-rain2\tool\mfctool\engine\private\hierarchyloader.cpp(79): warning C4267: '인수': 'size_t'에서 'int'(으)로 변환하면서 데이터가 손실될 수 있습니다.
c:\users\a\desktop\github\risk-of-rain2\tool\mfctool\engine\private\hierarchyloader.cpp(125): warning C4018: '<': signed 또는 unsigned가 일치하지 않습니다.
  Graphic_Device.cpp
  GameObject_Manager.cpp
c:\users\a\desktop\github\risk-of-rain2\tool\mfctool\engine\public\layer.h(13): warning C4267: 'return': 'size_t'에서 'Engine::_uint'(으)로 변환하면서 데이터가 손실될 수 있습니다.
  GameObject.cpp
c:\users\a\desktop\github\risk-of-rain2\tool\mfctool\engine\public\light_manager.h(15): warning C4267: 'return': 'size_t'에서 'Engine::_uint'(으)로 변환하면서 데이터가 손실될 수 있습니다.
c:\users\a\desktop\github\risk-of-rain2\tool\mfctool\engine\public\texture.h(16): warning C4267: 'return': 'size_t'에서 'Engine::_uint'(으)로 변환하면서 데이터가 손실될 수 있습니다.
c:\users\a\desktop\github\risk-of-rain2\tool\mfctool\engine\public\dynamic_mesh.h(18): warning C4267: 'return': 'size_t'에서 'Engine::_uint'(으)로 변환하면서 데이터가 손실될 수 있습니다.
  GameInstacne.cpp
c:\users\a\desktop\github\risk-of-rain2\tool\mfctool\engine\public\light_manager.h(15): warning C4267: 'return': 'size_t'에서 'Engine::_uint'(으)로 변환하면서 데이터가 손실될 수 있습니다.
c:\users\a\desktop\github\risk-of-rain2\tool\mfctool\engine\public\texture.h(16): warning C4267: 'return': 'size_t'에서 'Engine::_uint'(으)로 변환하면서 데이터가 손실될 수 있습니다.
c:\users\a\desktop\github\risk-of-rain2\tool\mfctool\engine\public\dynamic_mesh.h(18): warning C4267: 'return': 'size_t'에서 'Engine::_uint'(으)로 변환하면서 데이터가 손실될 수 있습니다.
  Frustum.cpp
  Engine_Font.cpp
  Dynamic_Mesh.cpp
c:\users\a\desktop\github\risk-of-rain2\tool\mfctool\engine\public\dynamic_mesh.h(18): warning C4267: 'return': 'size_t'에서 'Engine::_uint'(으)로 변환하면서 데이터가 손실될 수 있습니다.
c:\users\a\desktop\github\risk-of-rain2\tool\mfctool\engine\private\dynamic_mesh.cpp(25): warning C4267: '초기화 중': 'size_t'에서 'Engine::_uint'(으)로 변환하면서 데이터가 손실될 수 있습니다.
c:\users\a\desktop\github\risk-of-rain2\tool\mfctool\engine\private\dynamic_mesh.cpp(374): warning C4305: 'return': 'HRESULT'에서 'Engine::_float'(으)로 잘립니다.
c:\users\a\desktop\github\risk-of-rain2\tool\mfctool\engine\private\dynamic_mesh.cpp(383): warning C4305: 'return': 'HRESULT'에서 'Engine::_float'(으)로 잘립니다.
c:\users\a\desktop\github\risk-of-rain2\tool\mfctool\engine\private\dynamic_mesh.cpp(392): warning C4305: 'return': 'HRESULT'에서 'Engine::_float'(으)로 잘립니다.
c:\users\a\desktop\github\risk-of-rain2\tool\mfctool\engine\private\dynamic_mesh.cpp(604): warning C4267: '초기화 중': 'size_t'에서 'Engine::_uint'(으)로 변환하면서 데이터가 손실될 수 있습니다.
c:\users\a\desktop\github\risk-of-rain2\tool\mfctool\engine\private\dynamic_mesh.cpp(673): warning C4267: '초기화 중': 'size_t'에서 'Engine::_uint'(으)로 변환하면서 데이터가 손실될 수 있습니다.
  Component_Manager.cpp
c:\users\a\desktop\github\risk-of-rain2\tool\mfctool\engine\public\texture.h(16): warning C4267: 'return': 'size_t'에서 'Engine::_uint'(으)로 변환하면서 데이터가 손실될 수 있습니다.
c:\users\a\desktop\github\risk-of-rain2\tool\mfctool\engine\public\dynamic_mesh.h(18): warning C4267: 'return': 'size_t'에서 'Engine::_uint'(으)로 변환하면서 데이터가 손실될 수 있습니다.
  코드를 생성하고 있습니다...
  컴파일하고 있습니다...
  Component.cpp
  Collider.cpp
  Cell.cpp
  Canvas.cpp
c:\users\a\desktop\github\risk-of-rain2\tool\mfctool\engine\public\light_manager.h(15): warning C4267: 'return': 'size_t'에서 'Engine::_uint'(으)로 변환하면서 데이터가 손실될 수 있습니다.
c:\users\a\desktop\github\risk-of-rain2\tool\mfctool\engine\public\texture.h(16): warning C4267: 'return': 'size_t'에서 'Engine::_uint'(으)로 변환하면서 데이터가 손실될 수 있습니다.
c:\users\a\desktop\github\risk-of-rain2\tool\mfctool\engine\public\dynamic_mesh.h(18): warning C4267: 'return': 'size_t'에서 'Engine::_uint'(으)로 변환하면서 데이터가 손실될 수 있습니다.
  Camera.cpp
  Base.cpp
  Animation.cpp
c:\users\a\desktop\github\risk-of-rain2\tool\mfctool\engine\private\animation.cpp(180): warning C4305: 'return': 'HRESULT'에서 'Engine::_bool'(으)로 잘립니다.
c:\users\a\desktop\github\risk-of-rain2\tool\mfctool\engine\private\animation.cpp(212): warning C4244: '초기화 중': 'DOUBLE'에서 'Engine::_float'(으)로 변환하면서 데이터가 손실될 수 있습니다.
  코드를 생성하고 있습니다...
