c:\users\bluek\desktop\jusin\mfc\tool\mfctool\engine\default\x64\debug\vc140.pdb
c:\users\bluek\desktop\jusin\mfc\tool\mfctool\engine\default\x64\debug\vc140.idb
c:\users\bluek\desktop\jusin\mfc\tool\mfctool\engine\default\x64\debug\navigation.obj
c:\users\bluek\desktop\jusin\mfc\tool\mfctool\engine\default\x64\debug\picking.obj
c:\users\bluek\desktop\jusin\mfc\tool\mfctool\engine\default\x64\debug\pipeline.obj
c:\users\bluek\desktop\jusin\mfc\tool\mfctool\engine\default\x64\debug\quadtree.obj
c:\users\bluek\desktop\jusin\mfc\tool\mfctool\engine\default\x64\debug\renderer.obj
c:\users\bluek\desktop\jusin\mfc\tool\mfctool\engine\default\x64\debug\shader.obj
c:\users\bluek\desktop\jusin\mfc\tool\mfctool\engine\default\x64\debug\state.obj
c:\users\bluek\desktop\jusin\mfc\tool\mfctool\engine\default\x64\debug\static_mesh.obj
c:\users\bluek\desktop\jusin\mfc\tool\mfctool\engine\default\x64\debug\target.obj
c:\users\bluek\desktop\jusin\mfc\tool\mfctool\engine\default\x64\debug\target_manager.obj
c:\users\bluek\desktop\jusin\mfc\tool\mfctool\engine\default\x64\debug\texture.obj
c:\users\bluek\desktop\jusin\mfc\tool\mfctool\engine\default\x64\debug\timer.obj
c:\users\bluek\desktop\jusin\mfc\tool\mfctool\engine\default\x64\debug\time_manager.obj
c:\users\bluek\desktop\jusin\mfc\tool\mfctool\engine\default\x64\debug\transform.obj
c:\users\bluek\desktop\jusin\mfc\tool\mfctool\engine\default\x64\debug\ui.obj
c:\users\bluek\desktop\jusin\mfc\tool\mfctool\engine\default\x64\debug\vibuffer.obj
c:\users\bluek\desktop\jusin\mfc\tool\mfctool\engine\default\x64\debug\vibuffer_cube.obj
c:\users\bluek\desktop\jusin\mfc\tool\mfctool\engine\default\x64\debug\vibuffer_rect.obj
c:\users\bluek\desktop\jusin\mfc\tool\mfctool\engine\default\x64\debug\vibuffer_rect_viewport.obj
c:\users\bluek\desktop\jusin\mfc\tool\mfctool\engine\default\x64\debug\vibuffer_terrain.obj
c:\users\bluek\desktop\jusin\mfc\tool\mfctool\engine\default\x64\debug\camera.obj
c:\users\bluek\desktop\jusin\mfc\tool\mfctool\engine\default\x64\debug\cell.obj
c:\users\bluek\desktop\jusin\mfc\tool\mfctool\engine\default\x64\debug\collider.obj
c:\users\bluek\desktop\jusin\mfc\tool\mfctool\engine\default\x64\debug\component.obj
c:\users\bluek\desktop\jusin\mfc\tool\mfctool\engine\default\x64\debug\component_manager.obj
c:\users\bluek\desktop\jusin\mfc\tool\mfctool\engine\default\x64\debug\dynamic_mesh.obj
c:\users\bluek\desktop\jusin\mfc\tool\mfctool\engine\default\x64\debug\frustum.obj
c:\users\bluek\desktop\jusin\mfc\tool\mfctool\engine\default\x64\debug\gameinstacne.obj
c:\users\bluek\desktop\jusin\mfc\tool\mfctool\engine\default\x64\debug\gameobject.obj
c:\users\bluek\desktop\jusin\mfc\tool\mfctool\engine\default\x64\debug\gameobject_manager.obj
c:\users\bluek\desktop\jusin\mfc\tool\mfctool\engine\default\x64\debug\graphic_device.obj
c:\users\bluek\desktop\jusin\mfc\tool\mfctool\engine\default\x64\debug\hierarchyloader.obj
c:\users\bluek\desktop\jusin\mfc\tool\mfctool\engine\default\x64\debug\input_device.obj
c:\users\bluek\desktop\jusin\mfc\tool\mfctool\engine\default\x64\debug\key_manager.obj
c:\users\bluek\desktop\jusin\mfc\tool\mfctool\engine\default\x64\debug\layer.obj
c:\users\bluek\desktop\jusin\mfc\tool\mfctool\engine\default\x64\debug\level.obj
c:\users\bluek\desktop\jusin\mfc\tool\mfctool\engine\default\x64\debug\level_manager.obj
c:\users\bluek\desktop\jusin\mfc\tool\mfctool\engine\default\x64\debug\light.obj
c:\users\bluek\desktop\jusin\mfc\tool\mfctool\engine\default\x64\debug\light_manager.obj
c:\users\bluek\desktop\jusin\mfc\tool\mfctool\engine\default\x64\debug\mesh.obj
c:\users\bluek\desktop\jusin\mfc\tool\mfctool\engine\default\x64\debug\animation.obj
c:\users\bluek\desktop\jusin\mfc\tool\mfctool\engine\default\x64\debug\base.obj
c:\users\bluek\desktop\jusin\mfc\tool\mfctool\engine\bin\shader_collider.cso
c:\users\bluek\desktop\jusin\mfc\tool\mfctool\engine\bin\shader_deferred.cso
c:\users\bluek\desktop\jusin\mfc\tool\mfctool\engine\bin\engine.lib
c:\users\bluek\desktop\jusin\mfc\tool\mfctool\engine\bin\engine.exp
c:\users\bluek\desktop\jusin\mfc\tool\mfctool\engine\bin\shader_ui.cso
c:\users\bluek\desktop\jusin\mfc\tool\mfctool\engine\bin\engine.ilk
c:\users\bluek\desktop\jusin\mfc\tool\mfctool\engine\bin\engine.dll
c:\users\bluek\desktop\jusin\mfc\tool\mfctool\engine\bin\engine.pdb
c:\users\bluek\desktop\jusin\mfc\tool\mfctool\engine\default\..\bin\engine.dll
c:\users\bluek\desktop\jusin\mfc\tool\mfctool\engine\default\x64\debug\engine.tlog\cl.command.1.tlog
c:\users\bluek\desktop\jusin\mfc\tool\mfctool\engine\default\x64\debug\engine.tlog\cl.read.1.tlog
c:\users\bluek\desktop\jusin\mfc\tool\mfctool\engine\default\x64\debug\engine.tlog\cl.write.1.tlog
c:\users\bluek\desktop\jusin\mfc\tool\mfctool\engine\default\x64\debug\engine.tlog\engine.write.1u.tlog
c:\users\bluek\desktop\jusin\mfc\tool\mfctool\engine\default\x64\debug\engine.tlog\fxc.command.1.tlog
c:\users\bluek\desktop\jusin\mfc\tool\mfctool\engine\default\x64\debug\engine.tlog\fxc.read.1.tlog
c:\users\bluek\desktop\jusin\mfc\tool\mfctool\engine\default\x64\debug\engine.tlog\fxc.write.1.tlog
c:\users\bluek\desktop\jusin\mfc\tool\mfctool\engine\default\x64\debug\engine.tlog\link.command.1.tlog
c:\users\bluek\desktop\jusin\mfc\tool\mfctool\engine\default\x64\debug\engine.tlog\link.read.1.tlog
c:\users\bluek\desktop\jusin\mfc\tool\mfctool\engine\default\x64\debug\engine.tlog\link.write.1.tlog
